<?xml version="1.0" encoding="UTF-8"?>
<!-- Generated by org.testng.reporters.JUnitXMLReporter -->
<testsuite hostname="CHOWDHURY-HP" name="Selling Books" tests="1" failures="0" timestamp="4 Mar 2017 21:17:22 GMT" time="0.0" errors="0">
  <testcase name="@BeforeTest shouldWeSkip" time="0.0" classname="tests.SellItemsTest">
    <skipped/>
  </testcase> <!-- @BeforeTest shouldWeSkip -->
  <testcase name="testSellingBooks" time="0.0" classname="tests.SellItemsTest">
    <skipped/>
  </testcase> <!-- testSellingBooks -->
</testsuite> <!-- Selling Books -->
